Building DAG of jobs...
Using shell: /usr/bin/bash
Provided cores: 1 (use --cores to define parallelism)
Rules claiming more threads will be scaled down.
Job stats:
job                count
---------------  -------
compute_alff           1
compute_fractal        1
compute_hurst          1
total                  3

Select jobs to execute...

[Mon Apr 14 23:55:03 2025]
rule compute_hurst:
    input: /data/input/sub-17017/func/sub-17017_task-rest_space-MNI152NLin2009cAsym_desc-preproc_bold.nii.gz, /data/input/sub-17017/func/sub-17017_task-rest_space-MNI152NLin2009cAsym_desc-brain_mask.nii.gz
    output: /data/input/sub-17017/func/Analytical_metrics/Hurst/sub-17017_hurst.nii.gz
    jobid: 2
    reason: Missing output files: /data/input/sub-17017/func/Analytical_metrics/Hurst/sub-17017_hurst.nii.gz
    wildcards: subject=sub-17017
    resources: tmpdir=/tmp

[Mon Apr 14 23:55:05 2025]
Finished job 2.
1 of 3 steps (33%) done
Select jobs to execute...

[Mon Apr 14 23:55:05 2025]
rule compute_fractal:
    input: /data/input/sub-17017/func/sub-17017_task-rest_space-MNI152NLin2009cAsym_desc-preproc_bold.nii.gz, /data/input/sub-17017/func/sub-17017_task-rest_space-MNI152NLin2009cAsym_desc-brain_mask.nii.gz
    output: /data/input/sub-17017/func/Analytical_metrics/Fractal/sub-17017_fractal.nii.gz
    jobid: 0
    reason: Code has changed since last execution; Params have changed since last execution
    wildcards: subject=sub-17017
    resources: tmpdir=/tmp

[Mon Apr 14 23:55:06 2025]
Finished job 0.
2 of 3 steps (67%) done
Select jobs to execute...

[Mon Apr 14 23:55:06 2025]
rule compute_alff:
    input: /data/input/sub-17017/func/sub-17017_task-rest_space-MNI152NLin2009cAsym_desc-preproc_bold.nii.gz, /data/input/sub-17017/func/sub-17017_task-rest_space-MNI152NLin2009cAsym_desc-brain_mask.nii.gz
    output: /data/input/sub-17017/func/Analytical_metrics/ALFF/sub-17017_alff.nii.gz, /data/input/sub-17017/func/Analytical_metrics/ALFF/sub-17017_falff.nii.gz
    jobid: 1
    reason: Missing output files: /data/input/sub-17017/func/Analytical_metrics/ALFF/sub-17017_alff.nii.gz, /data/input/sub-17017/func/Analytical_metrics/ALFF/sub-17017_falff.nii.gz
    wildcards: subject=sub-17017
    resources: tmpdir=/tmp

[Mon Apr 14 23:55:06 2025]
Error in rule compute_alff:
    jobid: 1
    input: /data/input/sub-17017/func/sub-17017_task-rest_space-MNI152NLin2009cAsym_desc-preproc_bold.nii.gz, /data/input/sub-17017/func/sub-17017_task-rest_space-MNI152NLin2009cAsym_desc-brain_mask.nii.gz
    output: /data/input/sub-17017/func/Analytical_metrics/ALFF/sub-17017_alff.nii.gz, /data/input/sub-17017/func/Analytical_metrics/ALFF/sub-17017_falff.nii.gz
    shell:
        
        mkdir -p $(dirname /data/input/sub-17017/func/Analytical_metrics/ALFF/sub-17017_alff.nii.gz)
        python /app/scripts/alff_test.py             --fmri /data/input/sub-17017/func/sub-17017_task-rest_space-MNI152NLin2009cAsym_desc-preproc_bold.nii.gz             --output /data/input/sub-17017/func/Analytical_metrics/ALFF/sub-17017_alff.nii.gz             --mask /data/input/sub-17017/func/sub-17017_task-rest_space-MNI152NLin2009cAsym_desc-brain_mask.nii.gz             --tr 2.0             --bandpass_low 0.01             --bandpass_high 0.08             --detrend linear             --normalize zscore             --falff             --sample
        
        (one of the commands exited with non-zero exit code; note that snakemake uses bash strict mode!)

Shutting down, this might take some time.
Exiting because a job execution failed. Look above for error message
Complete log: .snakemake/log/2025-04-14T235502.730526.snakemake.log
