Building DAG of jobs...
Using shell: /usr/bin/bash
Provided cores: 32
Rules claiming more threads will be scaled down.
Job stats:
job               count
--------------  -------
compute_qm_fft        1
total                 1

Select jobs to execute...

[Tue Apr 15 02:03:47 2025]
rule compute_qm_fft:
    input: /data/input/sub-17017/func/sub-17017_task-rest_space-MNI152NLin2009cAsym_desc-preproc_bold.nii.gz, /data/input/sub-17017/func/sub-17017_task-rest_space-MNI152NLin2009cAsym_desc-brain_mask.nii.gz
    output: /data/output/sub-17017/func/Analytical_metrics/QM_FFT/sub-17017_qm_fft.h5
    jobid: 0
    reason: Forced execution
    wildcards: subject=sub-17017
    resources: tmpdir=/tmp

[Tue Apr 15 02:03:47 2025]
Error in rule compute_qm_fft:
    jobid: 0
    input: /data/input/sub-17017/func/sub-17017_task-rest_space-MNI152NLin2009cAsym_desc-preproc_bold.nii.gz, /data/input/sub-17017/func/sub-17017_task-rest_space-MNI152NLin2009cAsym_desc-brain_mask.nii.gz
    output: /data/output/sub-17017/func/Analytical_metrics/QM_FFT/sub-17017_qm_fft.h5
    shell:
        
        mkdir -p $(dirname /data/output/sub-17017/func/Analytical_metrics/QM_FFT/sub-17017_qm_fft.h5)
        python /app/scripts/qm_fft_test.py             --fmri /data/input/sub-17017/func/sub-17017_task-rest_space-MNI152NLin2009cAsym_desc-preproc_bold.nii.gz             --mask /data/input/sub-17017/func/sub-17017_task-rest_space-MNI152NLin2009cAsym_desc-brain_mask.nii.gz             --output_h5 /data/output/sub-17017/func/Analytical_metrics/QM_FFT/sub-17017_qm_fft.h5             --subject_id sub-17017             --eps 1e-6             --radius 0.6             --local_k 5             --sample
        
        (one of the commands exited with non-zero exit code; note that snakemake uses bash strict mode!)

Shutting down, this might take some time.
Exiting because a job execution failed. Look above for error message
Complete log: .snakemake/log/2025-04-15T020346.861317.snakemake.log
