Building DAG of jobs...
Using shell: /usr/bin/bash
Provided cores: 1 (use --cores to define parallelism)
Rules claiming more threads will be scaled down.
Job stats:
job                count
---------------  -------
compute_alff           1
compute_fractal        1
compute_hurst          1
compute_reho           1
total                  4

Select jobs to execute...

[Mon Apr 14 23:52:57 2025]
rule compute_hurst:
    input: /data/input/sub-17017/func/sub-17017_task-rest_space-MNI152NLin2009cAsym_desc-preproc_bold.nii.gz, /data/input/sub-17017/func/sub-17017_task-rest_space-MNI152NLin2009cAsym_desc-brain_mask.nii.gz
    output: /data/input/sub-17017/func/Analytical_metrics/Hurst/sub-17017_hurst.nii.gz
    jobid: 3
    reason: Missing output files: /data/input/sub-17017/func/Analytical_metrics/Hurst/sub-17017_hurst.nii.gz
    wildcards: subject=sub-17017
    resources: tmpdir=/tmp

Terminating processes on user request, this might take some time.
Cancelling snakemake on user request.
