Building DAG of jobs...
Using shell: /usr/bin/bash
Provided cores: 1 (use --cores to define parallelism)
Rules claiming more threads will be scaled down.
Job stats:
job                count
---------------  -------
all                    1
compute_alff           1
compute_fractal        1
compute_hurst          1
compute_qm_fft         1
compute_reho           1
total                  6

Select jobs to execute...

[Mon Apr 14 23:43:36 2025]
rule compute_qm_fft:
    input: /data/input/sub-17017/func/sub-17017_task-rest_space-MNI152NLin2009cAsym_desc-preproc_bold.nii.gz, /data/input/sub-17017/func/sub-17017_task-rest_space-MNI152NLin2009cAsym_desc-brain_mask.nii.gz
    output: /data/input/sub-17017/func/Analytical_metrics/QM_FFT/sub-17017_qm_fft.h5
    jobid: 5
    reason: Missing output files: /data/input/sub-17017/func/Analytical_metrics/QM_FFT/sub-17017_qm_fft.h5
    wildcards: subject=sub-17017
    resources: tmpdir=/tmp

