Building DAG of jobs...
Using shell: /usr/bin/bash
Provided cores: 1 (use --cores to define parallelism)
Rules claiming more threads will be scaled down.
Job stats:
job                count
---------------  -------
compute_fractal        1
total                  1

Select jobs to execute...

[Mon Apr 14 23:53:43 2025]
rule compute_fractal:
    input: /data/input/sub-17017/func/sub-17017_task-rest_space-MNI152NLin2009cAsym_desc-preproc_bold.nii.gz, /data/input/sub-17017/func/sub-17017_task-rest_space-MNI152NLin2009cAsym_desc-brain_mask.nii.gz
    output: /data/input/sub-17017/func/Analytical_metrics/Fractal/sub-17017_fractal.nii.gz
    jobid: 0
    reason: Missing output files: /data/input/sub-17017/func/Analytical_metrics/Fractal/sub-17017_fractal.nii.gz
    wildcards: subject=sub-17017
    resources: tmpdir=/tmp

[Mon Apr 14 23:53:44 2025]
Finished job 0.
1 of 1 steps (100%) done
Complete log: .snakemake/log/2025-04-14T235343.318269.snakemake.log
