Building DAG of jobs...
Using shell: /usr/bin/bash
Provided cores: 1 (use --cores to define parallelism)
Rules claiming more threads will be scaled down.
Job stats:
job                count
---------------  -------
compute_alff           1
compute_fractal        1
compute_hurst          1
compute_reho           1
total                  4

Select jobs to execute...

[Mon Apr 14 23:46:02 2025]
rule compute_fractal:
    input: /data/input/sub-17017/func/sub-17017_task-rest_space-MNI152NLin2009cAsym_desc-preproc_bold.nii.gz, /data/input/sub-17017/func/sub-17017_task-rest_space-MNI152NLin2009cAsym_desc-brain_mask.nii.gz
    output: /data/input/sub-17017/func/Analytical_metrics/Fractal/sub-17017_fractal.nii.gz
    jobid: 3
    reason: Missing output files: /data/input/sub-17017/func/Analytical_metrics/Fractal/sub-17017_fractal.nii.gz
    wildcards: subject=sub-17017
    resources: tmpdir=/tmp

[Mon Apr 14 23:46:02 2025]
Error in rule compute_fractal:
    jobid: 3
    input: /data/input/sub-17017/func/sub-17017_task-rest_space-MNI152NLin2009cAsym_desc-preproc_bold.nii.gz, /data/input/sub-17017/func/sub-17017_task-rest_space-MNI152NLin2009cAsym_desc-brain_mask.nii.gz
    output: /data/input/sub-17017/func/Analytical_metrics/Fractal/sub-17017_fractal.nii.gz
    shell:
        
        mkdir -p $(dirname /data/input/sub-17017/func/Analytical_metrics/Fractal/sub-17017_fractal.nii.gz)
        python /app/scripts/fractal_test.py             --fmri /data/input/sub-17017/func/sub-17017_task-rest_space-MNI152NLin2009cAsym_desc-preproc_bold.nii.gz             --output /data/input/sub-17017/func/Analytical_metrics/Fractal/sub-17017_fractal.nii.gz             --mask /data/input/sub-17017/func/sub-17017_task-rest_space-MNI152NLin2009cAsym_desc-brain_mask.nii.gz
        
        (one of the commands exited with non-zero exit code; note that snakemake uses bash strict mode!)

Shutting down, this might take some time.
Exiting because a job execution failed. Look above for error message
Complete log: .snakemake/log/2025-04-14T234602.487253.snakemake.log
