Building DAG of jobs...
Using shell: /usr/bin/bash
Provided cores: 1 (use --cores to define parallelism)
Rules claiming more threads will be scaled down.
Job stats:
job             count
------------  -------
compute_alff        1
total               1

Select jobs to execute...

[Mon Apr 14 23:56:55 2025]
rule compute_alff:
    input: /data/input/sub-17017/func/sub-17017_task-rest_space-MNI152NLin2009cAsym_desc-preproc_bold.nii.gz, /data/input/sub-17017/func/sub-17017_task-rest_space-MNI152NLin2009cAsym_desc-brain_mask.nii.gz
    output: /data/input/sub-17017/func/Analytical_metrics/ALFF/sub-17017_alff.nii.gz, /data/input/sub-17017/func/Analytical_metrics/ALFF/sub-17017_falff.nii.gz
    jobid: 1
    reason: Missing output files: /data/input/sub-17017/func/Analytical_metrics/ALFF/sub-17017_alff.nii.gz, /data/input/sub-17017/func/Analytical_metrics/ALFF/sub-17017_falff.nii.gz
    wildcards: subject=sub-17017
    resources: tmpdir=/tmp

Waiting at most 5 seconds for missing files.
MissingOutputException in rule compute_alff in file /app/workflows/Snakefile, line 96:
Job 1  completed successfully, but some output files are missing. Missing files after 5 seconds. This might be due to filesystem latency. If that is the case, consider to increase the wait time with --latency-wait:
/data/input/sub-17017/func/Analytical_metrics/ALFF/sub-17017_falff.nii.gz
Removing output files of failed job compute_alff since they might be corrupted:
/data/input/sub-17017/func/Analytical_metrics/ALFF/sub-17017_alff.nii.gz
Shutting down, this might take some time.
Exiting because a job execution failed. Look above for error message
Complete log: .snakemake/log/2025-04-14T235654.898665.snakemake.log
