Building DAG of jobs...
Using shell: /usr/bin/bash
Provided cores: 32
Rules claiming more threads will be scaled down.
Job stats:
job                count
---------------  -------
compute_alff           1
compute_fractal        1
compute_hurst          1
compute_reho           1
total                  4

Select jobs to execute...

[Tue Apr 15 02:13:50 2025]
rule compute_alff:
    input: /data/input/sub-17017/func/sub-17017_task-rest_space-MNI152NLin2009cAsym_desc-preproc_bold.nii.gz, /data/input/sub-17017/func/sub-17017_task-rest_space-MNI152NLin2009cAsym_desc-brain_mask.nii.gz
    output: /data/output/sub-17017/func/Analytical_metrics/ALFF/sub-17017_alff.nii.gz, /data/output/sub-17017/func/Analytical_metrics/ALFF/sub-17017_falff.nii.gz
    jobid: 0
    reason: Forced execution
    wildcards: subject=sub-17017
    resources: tmpdir=/tmp


[Tue Apr 15 02:13:50 2025]
rule compute_reho:
    input: /data/input/sub-17017/func/sub-17017_task-rest_space-MNI152NLin2009cAsym_desc-preproc_bold.nii.gz, /data/input/sub-17017/func/sub-17017_task-rest_space-MNI152NLin2009cAsym_desc-brain_mask.nii.gz
    output: /data/output/sub-17017/func/Analytical_metrics/ReHo/sub-17017_reho.nii.gz
    jobid: 1
    reason: Forced execution
    wildcards: subject=sub-17017
    resources: tmpdir=/tmp


[Tue Apr 15 02:13:50 2025]
rule compute_hurst:
    input: /data/input/sub-17017/func/sub-17017_task-rest_space-MNI152NLin2009cAsym_desc-preproc_bold.nii.gz, /data/input/sub-17017/func/sub-17017_task-rest_space-MNI152NLin2009cAsym_desc-brain_mask.nii.gz
    output: /data/output/sub-17017/func/Analytical_metrics/Hurst/sub-17017_hurst.nii.gz
    jobid: 2
    reason: Forced execution
    wildcards: subject=sub-17017
    resources: tmpdir=/tmp


[Tue Apr 15 02:13:50 2025]
rule compute_fractal:
    input: /data/input/sub-17017/func/sub-17017_task-rest_space-MNI152NLin2009cAsym_desc-preproc_bold.nii.gz, /data/input/sub-17017/func/sub-17017_task-rest_space-MNI152NLin2009cAsym_desc-brain_mask.nii.gz
    output: /data/output/sub-17017/func/Analytical_metrics/Fractal/sub-17017_fractal.nii.gz
    jobid: 3
    reason: Forced execution
    wildcards: subject=sub-17017
    resources: tmpdir=/tmp

[Tue Apr 15 02:13:52 2025]
Finished job 0.
1 of 4 steps (25%) done
[Tue Apr 15 02:13:52 2025]
Finished job 3.
2 of 4 steps (50%) done
[Tue Apr 15 02:13:52 2025]
Finished job 1.
3 of 4 steps (75%) done
[Tue Apr 15 02:13:53 2025]
Finished job 2.
4 of 4 steps (100%) done
Complete log: .snakemake/log/2025-04-15T021349.993812.snakemake.log
