Building DAG of jobs...
Using shell: /usr/bin/bash
Provided cores: 1 (use --cores to define parallelism)
Rules claiming more threads will be scaled down.
Job stats:
job                count
---------------  -------
compute_alff           1
compute_fractal        1
compute_hurst          1
compute_qm_fft         1
total                  4

Select jobs to execute...

[Tue Apr 15 00:31:46 2025]
rule compute_qm_fft:
    input: /data/input/sub-17017/func/sub-17017_task-rest_space-MNI152NLin2009cAsym_desc-preproc_bold.nii.gz, /data/input/sub-17017/func/sub-17017_task-rest_space-MNI152NLin2009cAsym_desc-brain_mask.nii.gz
    output: /data/output/sub-17017/func/Analytical_metrics/QM_FFT/sub-17017_qm_fft.h5
    jobid: 3
    reason: Missing output files: /data/output/sub-17017/func/Analytical_metrics/QM_FFT/sub-17017_qm_fft.h5
    wildcards: subject=sub-17017
    resources: tmpdir=/tmp

[Tue Apr 15 00:31:47 2025]
Finished job 3.
1 of 4 steps (25%) done
Select jobs to execute...

[Tue Apr 15 00:31:47 2025]
rule compute_fractal:
    input: /data/input/sub-17017/func/sub-17017_task-rest_space-MNI152NLin2009cAsym_desc-preproc_bold.nii.gz, /data/input/sub-17017/func/sub-17017_task-rest_space-MNI152NLin2009cAsym_desc-brain_mask.nii.gz
    output: /data/output/sub-17017/func/Analytical_metrics/Fractal/sub-17017_fractal.nii.gz
    jobid: 2
    reason: Missing output files: /data/output/sub-17017/func/Analytical_metrics/Fractal/sub-17017_fractal.nii.gz
    wildcards: subject=sub-17017
    resources: tmpdir=/tmp

[Tue Apr 15 00:31:48 2025]
Finished job 2.
2 of 4 steps (50%) done
Select jobs to execute...

[Tue Apr 15 00:31:48 2025]
rule compute_hurst:
    input: /data/input/sub-17017/func/sub-17017_task-rest_space-MNI152NLin2009cAsym_desc-preproc_bold.nii.gz, /data/input/sub-17017/func/sub-17017_task-rest_space-MNI152NLin2009cAsym_desc-brain_mask.nii.gz
    output: /data/output/sub-17017/func/Analytical_metrics/Hurst/sub-17017_hurst.nii.gz
    jobid: 0
    reason: Missing output files: /data/output/sub-17017/func/Analytical_metrics/Hurst/sub-17017_hurst.nii.gz
    wildcards: subject=sub-17017
    resources: tmpdir=/tmp

[Tue Apr 15 00:31:50 2025]
Finished job 0.
3 of 4 steps (75%) done
Select jobs to execute...

[Tue Apr 15 00:31:50 2025]
rule compute_alff:
    input: /data/input/sub-17017/func/sub-17017_task-rest_space-MNI152NLin2009cAsym_desc-preproc_bold.nii.gz, /data/input/sub-17017/func/sub-17017_task-rest_space-MNI152NLin2009cAsym_desc-brain_mask.nii.gz
    output: /data/output/sub-17017/func/Analytical_metrics/ALFF/sub-17017_alff.nii.gz, /data/output/sub-17017/func/Analytical_metrics/ALFF/sub-17017_falff.nii.gz
    jobid: 1
    reason: Missing output files: /data/output/sub-17017/func/Analytical_metrics/ALFF/sub-17017_falff.nii.gz, /data/output/sub-17017/func/Analytical_metrics/ALFF/sub-17017_alff.nii.gz
    wildcards: subject=sub-17017
    resources: tmpdir=/tmp

[Tue Apr 15 00:31:51 2025]
Finished job 1.
4 of 4 steps (100%) done
Complete log: .snakemake/log/2025-04-15T003146.415847.snakemake.log
