Building DAG of jobs...
Using shell: /usr/bin/bash
Provided cores: 32
Rules claiming more threads will be scaled down.
Job stats:
job                count
---------------  -------
compute_alff           1
compute_fractal        1
compute_hurst          1
compute_qm_fft         1
compute_reho           1
extract_rsn            1
total                  6

Select jobs to execute...

[Tue Apr 15 02:51:09 2025]
rule compute_hurst:
    input: /data/input/sub-17017/func/sub-17017_task-rest_space-MNI152NLin2009cAsym_desc-preproc_bold.nii.gz, /data/input/sub-17017/func/sub-17017_task-rest_space-MNI152NLin2009cAsym_desc-brain_mask.nii.gz
    output: /data/output/sub-17017/func/Analytical_metrics/Hurst/sub-17017_hurst.nii.gz
    jobid: 0
    reason: Forced execution
    wildcards: subject=sub-17017
    resources: tmpdir=/tmp


[Tue Apr 15 02:51:09 2025]
rule compute_alff:
    input: /data/input/sub-17017/func/sub-17017_task-rest_space-MNI152NLin2009cAsym_desc-preproc_bold.nii.gz, /data/input/sub-17017/func/sub-17017_task-rest_space-MNI152NLin2009cAsym_desc-brain_mask.nii.gz
    output: /data/output/sub-17017/func/Analytical_metrics/ALFF/sub-17017_alff.nii.gz, /data/output/sub-17017/func/Analytical_metrics/ALFF/sub-17017_falff.nii.gz
    jobid: 1
    reason: Forced execution
    wildcards: subject=sub-17017
    resources: tmpdir=/tmp


[Tue Apr 15 02:51:09 2025]
rule compute_fractal:
    input: /data/input/sub-17017/func/sub-17017_task-rest_space-MNI152NLin2009cAsym_desc-preproc_bold.nii.gz, /data/input/sub-17017/func/sub-17017_task-rest_space-MNI152NLin2009cAsym_desc-brain_mask.nii.gz
    output: /data/output/sub-17017/func/Analytical_metrics/Fractal/sub-17017_fractal.nii.gz
    jobid: 3
    reason: Forced execution
    wildcards: subject=sub-17017
    resources: tmpdir=/tmp


[Tue Apr 15 02:51:09 2025]
rule extract_rsn:
    input: /data/input/sub-17017/func/sub-17017_task-rest_space-MNI152NLin2009cAsym_desc-preproc_bold.nii.gz, /data/input/sub-17017/func/sub-17017_task-rest_space-MNI152NLin2009cAsym_desc-brain_mask.nii.gz
    output: /data/output/sub-17017/func/Analytical_metrics/RSN/sub-17017_rsn_activity.h5
    jobid: 5
    reason: Forced execution
    wildcards: subject=sub-17017
    resources: tmpdir=/tmp


[Tue Apr 15 02:51:09 2025]
rule compute_qm_fft:
    input: /data/input/sub-17017/func/sub-17017_task-rest_space-MNI152NLin2009cAsym_desc-preproc_bold.nii.gz, /data/input/sub-17017/func/sub-17017_task-rest_space-MNI152NLin2009cAsym_desc-brain_mask.nii.gz
    output: /data/output/sub-17017/func/Analytical_metrics/QM_FFT/sub-17017_qm_fft.h5
    jobid: 2
    reason: Forced execution
    wildcards: subject=sub-17017
    resources: tmpdir=/tmp


[Tue Apr 15 02:51:09 2025]
rule compute_reho:
    input: /data/input/sub-17017/func/sub-17017_task-rest_space-MNI152NLin2009cAsym_desc-preproc_bold.nii.gz, /data/input/sub-17017/func/sub-17017_task-rest_space-MNI152NLin2009cAsym_desc-brain_mask.nii.gz
    output: /data/output/sub-17017/func/Analytical_metrics/ReHo/sub-17017_reho.nii.gz
    jobid: 4
    reason: Forced execution
    wildcards: subject=sub-17017
    resources: tmpdir=/tmp

[Tue Apr 15 02:51:09 2025]
Finished job 3.
1 of 6 steps (17%) done
[Tue Apr 15 02:51:09 2025]
Finished job 2.
2 of 6 steps (33%) done
[Tue Apr 15 02:51:09 2025]
Finished job 1.
3 of 6 steps (50%) done
[Tue Apr 15 02:51:10 2025]
Finished job 4.
4 of 6 steps (67%) done
[Tue Apr 15 02:51:11 2025]
Finished job 0.
5 of 6 steps (83%) done
[Tue Apr 15 02:51:13 2025]
Finished job 5.
6 of 6 steps (100%) done
Complete log: .snakemake/log/2025-04-15T025108.835546.snakemake.log
