Building DAG of jobs...
Using shell: /usr/bin/bash
Provided cores: 1 (use --cores to define parallelism)
Rules claiming more threads will be scaled down.
Job stats:
job             count
------------  -------
compute_alff        1
total               1

Select jobs to execute...

[Mon Apr 14 23:58:45 2025]
rule compute_alff:
    input: /data/input/sub-17017/func/sub-17017_task-rest_space-MNI152NLin2009cAsym_desc-preproc_bold.nii.gz, /data/input/sub-17017/func/sub-17017_task-rest_space-MNI152NLin2009cAsym_desc-brain_mask.nii.gz
    output: /data/input/sub-17017/func/Analytical_metrics/ALFF/sub-17017_alff.nii.gz, /data/input/sub-17017/func/Analytical_metrics/ALFF/sub-17017_falff.nii.gz
    jobid: 0
    reason: Missing output files: /data/input/sub-17017/func/Analytical_metrics/ALFF/sub-17017_alff.nii.gz, /data/input/sub-17017/func/Analytical_metrics/ALFF/sub-17017_falff.nii.gz
    wildcards: subject=sub-17017
    resources: tmpdir=/tmp

[Mon Apr 14 23:58:46 2025]
Finished job 0.
1 of 1 steps (100%) done
Complete log: .snakemake/log/2025-04-14T235845.069660.snakemake.log
