Assuming unrestricted shared filesystem usage.
None
host: brainlab-uwo-System-Product-Name
Building DAG of jobs...
Using shell: /usr/bin/bash
Provided cores: 4
Rules claiming more threads will be scaled down.
Singularity containers: ignored
Job stats:
job                       count
----------------------  -------
check_fmriprep_reports        1
run_fmriprep                  1
total                         2

Select jobs to execute...
Execute 1 jobs...
[Tue Apr 15 01:45:38 2025]
localrule run_fmriprep:
    input: /home/brainlab-uwo/Downloads/open_data
    output: /media/brainlab-uwo/Data1/Results/pipeline_test_3/derivatives/17017/func/17017_task-rest_space-MNI152NLin2009cAsym_desc-preproc_bold.nii.gz, /media/brainlab-uwo/Data1/Results/pipeline_test_3/derivatives/17017/func/17017_task-rest_desc-confounds_timeseries.tsv, /media/brainlab-uwo/Data1/Results/pipeline_test_3/derivatives/17017/func/17017_task-rest_space-MNI152NLin2009cAsym_desc-brain_mask.nii.gz
    jobid: 0
    reason: Missing output files: /media/brainlab-uwo/Data1/Results/pipeline_test_3/derivatives/17017/func/17017_task-rest_space-MNI152NLin2009cAsym_desc-preproc_bold.nii.gz, /media/brainlab-uwo/Data1/Results/pipeline_test_3/derivatives/17017/func/17017_task-rest_space-MNI152NLin2009cAsym_desc-brain_mask.nii.gz, /media/brainlab-uwo/Data1/Results/pipeline_test_3/derivatives/17017/func/17017_task-rest_desc-confounds_timeseries.tsv
    wildcards: subject=17017, task=rest
    resources: tmpdir=/tmp
Shell command: 
        docker run --rm             -v "/home/brainlab-uwo/Downloads/open_data:/data:ro"             -v "/media/brainlab-uwo/Data1/Results/pipeline_test_3/derivatives:/out"             -v "$(pwd)/config/license.txt:/opt/freesurfer/license.txt:ro"             nipreps/fmriprep:25.0.0             /data /out participant             --participant-label 17017             --fs-license-file /opt/freesurfer/license.txt             --output-spaces MNI152NLin2009cAsym             --nprocs 4             --mem_mb 8000             --skip-bids-validation             -v             -w /out/work
        
Waiting for more resources.
Terminating processes on user request, this might take some time.
